#
# There is insufficient memory for the Java Runtime Environment to continue.
# Native memory allocation (malloc) failed to allocate 1048576 bytes for AllocateHeap
# Possible reasons:
#   The system is out of physical RAM or swap space
#   In 32 bit mode, the process size limit was hit
# Possible solutions:
#   Reduce memory load on the system
#   Increase physical memory or swap space
#   Check if swap backing store is full
#   Use 64 bit Java on a 64 bit OS
#   Decrease Java heap size (-Xmx/-Xms)
#   Decrease number of Java threads
#   Decrease Java thread stack sizes (-Xss)
#   Set larger code cache with -XX:ReservedCodeCacheSize=
# This output file may be truncated or incomplete.
#
#  Out of Memory Error (memory/allocation.inline.hpp:61), pid=17004, tid=0x0000000000003ec4
#
# JRE version:  (8.0_152-b01) (build )
# Java VM: OpenJDK 64-Bit Server VM (25.152-b01 mixed mode windows-amd64 compressed oops)
# Failed to write core dump. Minidumps are not enabled by default on client versions of Windows
#

---------------  T H R E A D  ---------------

Current thread (0x0000000002386800):  JavaThread "Unknown thread" [_thread_in_vm, id=16068, stack(0x00000000020f0000,0x00000000021f0000)]

Stack: [0x00000000020f0000,0x00000000021f0000]
[error occurred during error reporting (printing stack bounds), id 0xc0000005]

Native frames: (J=compiled Java code, j=interpreted, Vv=VM code, C=native code)


---------------  P R O C E S S  ---------------

Java Threads: ( => current thread )

Other Threads:

=>0x0000000002386800 (exited) JavaThread "Unknown thread" [_thread_in_vm, id=16068, stack(0x00000000020f0000,0x00000000021f0000)]

VM state:not at safepoint (normal execution)

VM Mutex/Monitor currently owned by a thread: None

Heap:
 PSYoungGen      total 18944K, used 327K [0x00000000feb00000, 0x0000000100000000, 0x0000000100000000)
  eden space 16384K, 2% used [0x00000000feb00000,0x00000000feb51ec8,0x00000000ffb00000)
  from space 2560K, 0% used [0x00000000ffd80000,0x00000000ffd80000,0x0000000100000000)
  to   space 2560K, 0% used [0x00000000ffb00000,0x00000000ffb00000,0x00000000ffd80000)
 ParOldGen       total 44032K, used 0K [0x00000000fc000000, 0x00000000feb00000, 0x00000000feb00000)
  object space 44032K, 0% used [0x00000000fc000000,0x00000000fc000000,0x00000000feb00000)
 Metaspace       used 772K, capacity 4480K, committed 4480K, reserved 1056768K
  class space    used 73K, capacity 384K, committed 384K, reserved 1048576K

Card table byte_map: [0x0000000002200000,0x0000000002230000] byte_map_base: 0x0000000001a20000

Marking Bits: (ParMarkBitMap*) 0x0000000057e13950
 Begin Bits: [0x0000000011a40000, 0x0000000011b40000)
 End Bits:   [0x0000000011b40000, 0x0000000011c40000)

Polling page: 0x00000000020c0000

CodeCache: size=245760Kb used=327Kb max_used=327Kb free=245432Kb
 bounds [0x0000000002480000, 0x00000000026f0000, 0x0000000011480000]
 total_blobs=56 nmethods=0 adapters=38
 compilation: enabled

Compilation events (0 events):
No events

GC Heap History (0 events):
No events

Deoptimization events (0 events):
No events

Classes redefined (0 events):
No events

Internal exceptions (0 events):
No events

Events (10 events):
Event: 0.046 loading class java/lang/Short
Event: 0.046 loading class java/lang/Short done
Event: 0.046 loading class java/lang/Integer
Event: 0.046 loading class java/lang/Integer done
Event: 0.046 loading class java/lang/Long
Event: 0.047 loading class java/lang/Long done
Event: 0.047 loading class java/lang/NullPointerException
Event: 0.047 loading class java/lang/NullPointerException done
Event: 0.047 loading class java/lang/ArithmeticException
Event: 0.047 loading class java/lang/ArithmeticException done


Dynamic libraries:
0x00007ff624d40000 - 0x00007ff624d71000 	C:\Program Files\Android\Android Studio\jre\bin\java.exe
0x00007ff858b30000 - 0x00007ff858d02000 	C:\Windows\SYSTEM32\ntdll.dll
0x00007ff858a80000 - 0x00007ff858b2c000 	C:\Windows\System32\KERNEL32.DLL
0x00007ff855cc0000 - 0x00007ff855edd000 	C:\Windows\System32\KERNELBASE.dll
0x00007ff858660000 - 0x00007ff858702000 	C:\Windows\System32\ADVAPI32.dll
0x00007ff856bd0000 - 0x00007ff856c6e000 	C:\Windows\System32\msvcrt.dll
0x00007ff856720000 - 0x00007ff856779000 	C:\Windows\System32\sechost.dll
0x00007ff856780000 - 0x00007ff8568a1000 	C:\Windows\System32\RPCRT4.dll
0x00007ff858710000 - 0x00007ff858875000 	C:\Windows\System32\USER32.dll
0x00007ff8552f0000 - 0x00007ff85530e000 	C:\Windows\System32\win32u.dll
0x00007ff856240000 - 0x00007ff856274000 	C:\Windows\System32\GDI32.dll
0x00007ff855f40000 - 0x00007ff8560c0000 	C:\Windows\System32\gdi32full.dll
0x00007ff84c440000 - 0x00007ff84c6ba000 	C:\Windows\WinSxS\amd64_microsoft.windows.common-controls_6595b64144ccf1df_6.0.14393.953_none_42151e83c686086b\COMCTL32.dll
0x00007ff858390000 - 0x00007ff858658000 	C:\Windows\System32\combase.dll
0x00007ff855150000 - 0x00007ff855245000 	C:\Windows\System32\ucrtbase.dll
0x00007ff855030000 - 0x00007ff85509a000 	C:\Windows\System32\bcryptPrimitives.dll
0x00007ff856b90000 - 0x00007ff856bbe000 	C:\Windows\System32\IMM32.DLL
0x0000000057490000 - 0x0000000057562000 	C:\Program Files\Android\Android Studio\jre\jre\bin\msvcr100.dll
0x0000000057650000 - 0x0000000057e8e000 	C:\Program Files\Android\Android Studio\jre\jre\bin\server\jvm.dll
0x00007ff8568b0000 - 0x00007ff8568b8000 	C:\Windows\System32\PSAPI.DLL
0x00007ff845b90000 - 0x00007ff845b99000 	C:\Windows\SYSTEM32\WSOCK32.dll
0x00007ff856e10000 - 0x00007ff856e7a000 	C:\Windows\System32\WS2_32.dll
0x00007ff8535b0000 - 0x00007ff8535d3000 	C:\Windows\SYSTEM32\WINMM.dll
0x00007ff851640000 - 0x00007ff85164a000 	C:\Windows\SYSTEM32\VERSION.dll
0x00007ff853550000 - 0x00007ff85357b000 	C:\Windows\SYSTEM32\WINMMBASE.dll
0x00007ff855c70000 - 0x00007ff855cb2000 	C:\Windows\System32\cfgmgr32.dll
0x00007ff843520000 - 0x00007ff84352f000 	C:\Program Files\Android\Android Studio\jre\jre\bin\verify.dll
0x00007ff839800000 - 0x00007ff839829000 	C:\Program Files\Android\Android Studio\jre\jre\bin\java.dll
0x00007ff8372a0000 - 0x00007ff8372b6000 	C:\Program Files\Android\Android Studio\jre\jre\bin\zip.dll

VM Arguments:
jvm_args: -Djava.awt.headless=true -Xmx64M -Dfile.encoding=windows-1252 -Duser.country=US -Duser.language=en -Duser.variant 
java_command: com.google.devtools.build.android.desugar.Desugar --input D:\Android\Android Developer Nanodegree\Project 4\app\build\intermediates\transforms\stackFramesFixer\debug\4.jar --output D:\Android\Android Developer Nanodegree\Project 4\app\build\intermediates\transforms\desugar\debug\5.jar --input D:\Android\Android Developer Nanodegree\Project 4\app\build\intermediates\transforms\stackFramesFixer\debug\21.jar --output D:\Android\Android Developer Nanodegree\Project 4\app\build\intermediates\transforms\desugar\debug\22.jar --input D:\Android\Android Developer Nanodegree\Project 4\app\build\intermediates\transforms\stackFramesFixer\debug\36.jar --output D:\Android\Android Developer Nanodegree\Project 4\app\build\intermediates\transforms\desugar\debug\37.jar --input D:\Android\Android Developer Nanodegree\Project 4\app\build\intermediates\transforms\stackFramesFixer\debug\2.jar --output D:\Android\Android Developer Nanodegree\Project 4\app\build\intermediates\transforms\desugar\debug\3.jar --input D:\Android\Android Developer Nanodegree\Project 4\app\build\intermediates\transforms\stackFramesFixer\debug\6.jar --output D:\Android\Android Developer Nanodegree\Project 4\app\build\intermediates\transforms\desugar\debug\7.jar --input D:\Android\Android Developer Nanodegree\Project 4\app\build\intermediates\transforms\stackFramesFixer\debug\32.jar --output D:\Android\Android Developer Nanodegree\Project 4\app\build\intermediates\transforms\desugar\debug\33.jar --input D:\Android\Android Developer Nanodegree\Project 4\app\build\intermediates\transforms\stackFramesFixer\debug\41.jar --output D:\Android\Android Developer Nanodegree\Project 4\app\build\intermediates\transforms\desugar\debug\42.jar --input D:\Android\Android Developer Nanodegree\Project 4\app\build\intermediates\transforms\stackFramesFixer\debug\30.jar --output D:\Android\Android Developer Nanodegree\Project 4\app\build\intermediates\transforms\desugar\debug\31.jar --input D:\Android\Android Developer
java_class_path (initial): C:\Users\DevAh\AppData\Local\Temp\desugar_deploy.jar3301445271481358093
Launcher Type: SUN_STANDARD

Environment Variables:
JAVA_HOME=?C:\Program Files\Java\jdk1.8.0_112
PATH=C:\Program Files\Microsoft MPI\Bin\;C:\ProgramData\Oracle\Java\javapath;C:\Windows\system32;C:\Windows;C:\Windows\System32\Wbem;C:\Windows\System32\WindowsPowerShell\v1.0\;C:\Program Files (x86)\Microsoft SQL Server\130\Tools\Binn\;C:\Program Files\Microsoft SQL Server\130\Tools\Binn\;C:\Program Files (x86)\Microsoft SQL Server\130\DTS\Binn\;C:\Program Files\Microsoft SQL Server\130\DTS\Binn\;C:\Program Files\Microsoft SQL Server\Client SDK\ODBC\130\Tools\Binn\;C:\Program Files\MySQL\MySQL Utilities 1.6\;C:\Program Files (x86)\Git\cmd;?C:\Program Files\Java\jdk1.8.0_112\bin
USERNAME=DevAh
OS=Windows_NT
PROCESSOR_IDENTIFIER=Intel64 Family 6 Model 26 Stepping 5, GenuineIntel



---------------  S Y S T E M  ---------------

OS: Windows 10.0 , 64 bit Build 14393 (10.0.14393.2155)

CPU:total 2 (initial active 2) (2 cores per cpu, 1 threads per core) family 6 model 26 stepping 5, cmov, cx8, fxsr, mmx, sse, sse2, sse3, ssse3, sse4.1, sse4.2, popcnt, tsc, tscinvbit, tscinv

Memory: 4k page, physical 8386100k(1554024k free), swap 18755708k(9364k free)

vm_info: OpenJDK 64-Bit Server VM (25.152-b01) for windows-amd64 JRE (1.8.0_152-release-915-b01), built by "builder" with MS VC++ 10.0 (VS2010)

time: Thu Mar 29 20:27:57 2018
elapsed time: 0 seconds (0d 0h 0m 0s)

