#
# There is insufficient memory for the Java Runtime Environment to continue.
# Native memory allocation (malloc) failed to allocate 176336 bytes for Chunk::new
# Possible reasons:
#   The system is out of physical RAM or swap space
#   In 32 bit mode, the process size limit was hit
# Possible solutions:
#   Reduce memory load on the system
#   Increase physical memory or swap space
#   Check if swap backing store is full
#   Use 64 bit Java on a 64 bit OS
#   Decrease Java heap size (-Xmx/-Xms)
#   Decrease number of Java threads
#   Decrease Java thread stack sizes (-Xss)
#   Set larger code cache with -XX:ReservedCodeCacheSize=
# This output file may be truncated or incomplete.
#
#  Out of Memory Error (allocation.cpp:390), pid=16000, tid=0x00000000000048ec
#
# JRE version: OpenJDK Runtime Environment (8.0_152-b01) (build 1.8.0_152-release-915-b01)
# Java VM: OpenJDK 64-Bit Server VM (25.152-b01 mixed mode windows-amd64 compressed oops)
# Failed to write core dump. Minidumps are not enabled by default on client versions of Windows
#

---------------  T H R E A D  ---------------

Current thread (0x0000000012b3a800):  JavaThread "C2 CompilerThread0" daemon [_thread_in_native, id=18668, stack(0x0000000013b60000,0x0000000013c60000)]

Stack: [0x0000000013b60000,0x0000000013c60000]
[error occurred during error reporting (printing stack bounds), id 0xc0000005]

Native frames: (J=compiled Java code, j=interpreted, Vv=VM code, C=native code)


Current CompileTask:
C2:  16252  936 %     4       org.objectweb.asm.ClassReader::a @ 1480 (3587 bytes)


---------------  P R O C E S S  ---------------

Java Threads: ( => current thread )
  0x0000000012ba1800 JavaThread "Service Thread" daemon [_thread_blocked, id=15640, stack(0x0000000013d60000,0x0000000013e60000)]
  0x0000000012b28800 JavaThread "C1 CompilerThread1" daemon [_thread_blocked, id=8000, stack(0x0000000013c60000,0x0000000013d60000)]
=>0x0000000012b3a800 JavaThread "C2 CompilerThread0" daemon [_thread_in_native, id=18668, stack(0x0000000013b60000,0x0000000013c60000)]
  0x0000000012b39000 JavaThread "Attach Listener" daemon [_thread_blocked, id=18156, stack(0x0000000013a60000,0x0000000013b60000)]
  0x0000000012b36000 JavaThread "Signal Dispatcher" daemon [_thread_blocked, id=3884, stack(0x0000000013960000,0x0000000013a60000)]
  0x0000000012b16800 JavaThread "Finalizer" daemon [_thread_blocked, id=16592, stack(0x0000000013760000,0x0000000013860000)]
  0x0000000002993800 JavaThread "Reference Handler" daemon [_thread_blocked, id=11300, stack(0x0000000013660000,0x0000000013760000)]
  0x00000000028a6800 JavaThread "main" [_thread_in_native, id=19984, stack(0x0000000002690000,0x0000000002790000)]

Other Threads:
  0x0000000012af3800 VMThread [stack: 0x0000000013560000,0x0000000013660000] [id=7312]
  0x0000000012bae000 WatcherThread [stack: 0x0000000013e60000,0x0000000013f60000] [id=1068]

VM state:not at safepoint (normal execution)

VM Mutex/Monitor currently owned by a thread: None

Heap:
 PSYoungGen      total 18944K, used 16865K [0x00000000feb00000, 0x0000000100000000, 0x0000000100000000)
  eden space 16384K, 87% used [0x00000000feb00000,0x00000000ff9001c0,0x00000000ffb00000)
  from space 2560K, 98% used [0x00000000ffd80000,0x00000000ffff84c8,0x0000000100000000)
  to   space 2560K, 0% used [0x00000000ffb00000,0x00000000ffb00000,0x00000000ffd80000)
 ParOldGen       total 44032K, used 5205K [0x00000000fc000000, 0x00000000feb00000, 0x00000000feb00000)
  object space 44032K, 11% used [0x00000000fc000000,0x00000000fc515770,0x00000000feb00000)
 Metaspace       used 7790K, capacity 8010K, committed 8192K, reserved 1056768K
  class space    used 900K, capacity 989K, committed 1024K, reserved 1048576K

Card table byte_map: [0x0000000011d60000,0x0000000011d90000] byte_map_base: 0x0000000011580000

Marking Bits: (ParMarkBitMap*) 0x000000005dc03950
 Begin Bits: [0x0000000011fb0000, 0x00000000120b0000)
 End Bits:   [0x00000000120b0000, 0x00000000121b0000)

Polling page: 0x0000000002640000

CodeCache: size=245760Kb used=3748Kb max_used=3748Kb free=242011Kb
 bounds [0x00000000029a0000, 0x0000000002d50000, 0x00000000119a0000]
 total_blobs=1353 nmethods=1023 adapters=245
 compilation: enabled

Compilation events (10 events):
Event: 15.393 Thread 0x0000000012b28800  944       3       org.objectweb.asm.FieldWriter::visitEnd (1 bytes)
Event: 15.393 Thread 0x0000000012b28800 nmethod 944 0x0000000002d10cd0 code [0x0000000002d10e20, 0x0000000002d10f70]
Event: 15.394 Thread 0x0000000012b28800  945       3       org.objectweb.asm.FieldWriter::a (262 bytes)
Event: 15.395 Thread 0x0000000012b28800 nmethod 945 0x0000000002d11010 code [0x0000000002d112a0, 0x0000000002d121a8]
Event: 15.395 Thread 0x0000000012b28800  946       3       org.objectweb.asm.FieldWriter::a (475 bytes)
Event: 15.396 Thread 0x0000000012b28800 nmethod 946 0x0000000002d12950 code [0x0000000002d12d00, 0x0000000002d14138]
Event: 15.397 Thread 0x0000000012b28800  947       3       java.util.HashMap::<init> (11 bytes)
Event: 15.397 Thread 0x0000000012b28800 nmethod 947 0x0000000002d14a90 code [0x0000000002d14c00, 0x0000000002d14e10]
Event: 15.398 Thread 0x0000000012b28800  948       3       org.objectweb.asm.MethodVisitor::visitIincInsn (17 bytes)
Event: 15.398 Thread 0x0000000012b28800 nmethod 948 0x0000000002d14ed0 code [0x0000000002d15040, 0x0000000002d152a8]

GC Heap History (4 events):
Event: 1.470 GC heap before
{Heap before GC invocations=1 (full 0):
 PSYoungGen      total 18944K, used 16384K [0x00000000feb00000, 0x0000000100000000, 0x0000000100000000)
  eden space 16384K, 100% used [0x00000000feb00000,0x00000000ffb00000,0x00000000ffb00000)
  from space 2560K, 0% used [0x00000000ffd80000,0x00000000ffd80000,0x0000000100000000)
  to   space 2560K, 0% used [0x00000000ffb00000,0x00000000ffb00000,0x00000000ffd80000)
 ParOldGen       total 44032K, used 0K [0x00000000fc000000, 0x00000000feb00000, 0x00000000feb00000)
  object space 44032K, 0% used [0x00000000fc000000,0x00000000fc000000,0x00000000feb00000)
 Metaspace       used 6529K, capacity 6684K, committed 6784K, reserved 1056768K
  class space    used 769K, capacity 824K, committed 896K, reserved 1048576K
Event: 1.483 GC heap after
Heap after GC invocations=1 (full 0):
 PSYoungGen      total 18944K, used 2544K [0x00000000feb00000, 0x0000000100000000, 0x0000000100000000)
  eden space 16384K, 0% used [0x00000000feb00000,0x00000000feb00000,0x00000000ffb00000)
  from space 2560K, 99% used [0x00000000ffb00000,0x00000000ffd7c020,0x00000000ffd80000)
  to   space 2560K, 0% used [0x00000000ffd80000,0x00000000ffd80000,0x0000000100000000)
 ParOldGen       total 44032K, used 1447K [0x00000000fc000000, 0x00000000feb00000, 0x00000000feb00000)
  object space 44032K, 3% used [0x00000000fc000000,0x00000000fc169c18,0x00000000feb00000)
 Metaspace       used 6529K, capacity 6684K, committed 6784K, reserved 1056768K
  class space    used 769K, capacity 824K, committed 896K, reserved 1048576K
}
Event: 15.346 GC heap before
{Heap before GC invocations=2 (full 0):
 PSYoungGen      total 18944K, used 18928K [0x00000000feb00000, 0x0000000100000000, 0x0000000100000000)
  eden space 16384K, 100% used [0x00000000feb00000,0x00000000ffb00000,0x00000000ffb00000)
  from space 2560K, 99% used [0x00000000ffb00000,0x00000000ffd7c020,0x00000000ffd80000)
  to   space 2560K, 0% used [0x00000000ffd80000,0x00000000ffd80000,0x0000000100000000)
 ParOldGen       total 44032K, used 1447K [0x00000000fc000000, 0x00000000feb00000, 0x00000000feb00000)
  object space 44032K, 3% used [0x00000000fc000000,0x00000000fc169c18,0x00000000feb00000)
 Metaspace       used 7708K, capacity 7882K, committed 7936K, reserved 1056768K
  class space    used 899K, capacity 989K, committed 1024K, reserved 1048576K
Event: 15.356 GC heap after
Heap after GC invocations=2 (full 0):
 PSYoungGen      total 18944K, used 2529K [0x00000000feb00000, 0x0000000100000000, 0x0000000100000000)
  eden space 16384K, 0% used [0x00000000feb00000,0x00000000feb00000,0x00000000ffb00000)
  from space 2560K, 98% used [0x00000000ffd80000,0x00000000ffff84c8,0x0000000100000000)
  to   space 2560K, 0% used [0x00000000ffb00000,0x00000000ffb00000,0x00000000ffd80000)
 ParOldGen       total 44032K, used 5205K [0x00000000fc000000, 0x00000000feb00000, 0x00000000feb00000)
  object space 44032K, 11% used [0x00000000fc000000,0x00000000fc515770,0x00000000feb00000)
 Metaspace       used 7708K, capacity 7882K, committed 7936K, reserved 1056768K
  class space    used 899K, capacity 989K, committed 1024K, reserved 1048576K
}

Deoptimization events (10 events):
Event: 14.263 Thread 0x00000000028a6800 Uncommon trap: reason=class_check action=maybe_recompile pc=0x0000000002bcf3ec method=com.google.common.collect.TransformedIterator.hasNext()Z @ 4
Event: 14.263 Thread 0x00000000028a6800 Uncommon trap: reason=class_check action=maybe_recompile pc=0x0000000002bcf3ec method=com.google.common.collect.TransformedIterator.hasNext()Z @ 4
Event: 14.263 Thread 0x00000000028a6800 Uncommon trap: reason=class_check action=maybe_recompile pc=0x0000000002bce7e8 method=com.google.common.collect.TransformedIterator.next()Ljava/lang/Object; @ 5
Event: 14.263 Thread 0x00000000028a6800 Uncommon trap: reason=class_check action=maybe_recompile pc=0x0000000002bd3850 method=com.google.common.collect.Iterators$7.transform(Ljava/lang/Object;)Ljava/lang/Object; @ 5
Event: 14.263 Thread 0x00000000028a6800 Uncommon trap: reason=class_check action=maybe_recompile pc=0x0000000002bcf3ec method=com.google.common.collect.TransformedIterator.hasNext()Z @ 4
Event: 14.263 Thread 0x00000000028a6800 Uncommon trap: reason=class_check action=maybe_recompile pc=0x0000000002bce7e8 method=com.google.common.collect.TransformedIterator.next()Ljava/lang/Object; @ 5
Event: 14.263 Thread 0x00000000028a6800 Uncommon trap: reason=class_check action=maybe_recompile pc=0x0000000002bd3850 method=com.google.common.collect.Iterators$7.transform(Ljava/lang/Object;)Ljava/lang/Object; @ 5
Event: 14.263 Thread 0x00000000028a6800 Uncommon trap: reason=class_check action=maybe_recompile pc=0x0000000002bce7e8 method=com.google.common.collect.TransformedIterator.next()Ljava/lang/Object; @ 5
Event: 14.263 Thread 0x00000000028a6800 Uncommon trap: reason=class_check action=maybe_recompile pc=0x0000000002bd3850 method=com.google.common.collect.Iterators$7.transform(Ljava/lang/Object;)Ljava/lang/Object; @ 5
Event: 14.828 Thread 0x00000000028a6800 Uncommon trap: reason=unstable_if action=reinterpret pc=0x0000000002b79124 method=java.lang.String.<init>([CII)V @ 18

Classes redefined (0 events):
No events

Internal exceptions (10 events):
Event: 1.444 Thread 0x00000000028a6800 Implicit null exception at 0x0000000002bd030d to 0x0000000002bd0ccd
Event: 13.611 Thread 0x00000000028a6800 Exception <a 'sun/nio/fs/WindowsException'> (0x00000000ff1bd6b0) thrown at [D:\src\AOSP-openjdk-cygwin\jdk8u\hotspot\src\share\vm\prims\jni.cpp, line 709]
Event: 13.611 Thread 0x00000000028a6800 Exception <a 'sun/nio/fs/WindowsException'> (0x00000000ff1bdc70) thrown at [D:\src\AOSP-openjdk-cygwin\jdk8u\hotspot\src\share\vm\prims\jni.cpp, line 709]
Event: 13.611 Thread 0x00000000028a6800 Exception <a 'sun/nio/fs/WindowsException'> (0x00000000ff1be240) thrown at [D:\src\AOSP-openjdk-cygwin\jdk8u\hotspot\src\share\vm\prims\jni.cpp, line 709]
Event: 13.612 Thread 0x00000000028a6800 Exception <a 'sun/nio/fs/WindowsException'> (0x00000000ff1bea00) thrown at [D:\src\AOSP-openjdk-cygwin\jdk8u\hotspot\src\share\vm\prims\jni.cpp, line 709]
Event: 13.612 Thread 0x00000000028a6800 Exception <a 'sun/nio/fs/WindowsException'> (0x00000000ff1befa8) thrown at [D:\src\AOSP-openjdk-cygwin\jdk8u\hotspot\src\share\vm\prims\jni.cpp, line 709]
Event: 13.612 Thread 0x00000000028a6800 Exception <a 'sun/nio/fs/WindowsException'> (0x00000000ff1bf758) thrown at [D:\src\AOSP-openjdk-cygwin\jdk8u\hotspot\src\share\vm\prims\jni.cpp, line 709]
Event: 13.682 Thread 0x00000000028a6800 Exception <a 'sun/nio/fs/WindowsException'> (0x00000000ff1c4ae8) thrown at [D:\src\AOSP-openjdk-cygwin\jdk8u\hotspot\src\share\vm\prims\jni.cpp, line 709]
Event: 13.888 Thread 0x00000000028a6800 Exception <a 'sun/nio/fs/WindowsException'> (0x00000000ff5bf748) thrown at [D:\src\AOSP-openjdk-cygwin\jdk8u\hotspot\src\share\vm\prims\jni.cpp, line 709]
Event: 13.888 Thread 0x00000000028a6800 Exception <a 'sun/nio/fs/WindowsException'> (0x00000000ff5bfcf8) thrown at [D:\src\AOSP-openjdk-cygwin\jdk8u\hotspot\src\share\vm\prims\jni.cpp, line 709]

Events (10 events):
Event: 14.361 loading class com/google/devtools/build/android/desugar/AutoValue_FieldInfo done
Event: 14.362 loading class com/google/devtools/build/android/desugar/Java7Compatibility$InlineOneMethod
Event: 14.362 loading class com/google/devtools/build/android/desugar/Java7Compatibility$InlineOneMethod done
Event: 14.828 Thread 0x00000000028a6800 Uncommon trap: trap_request=0xffffff65 fr.pc=0x0000000002b79124
Event: 14.828 Thread 0x00000000028a6800 DEOPT PACKING pc=0x0000000002b79124 sp=0x000000000278ec30
Event: 14.828 Thread 0x00000000028a6800 DEOPT UNPACKING pc=0x00000000029e556a sp=0x000000000278ebf8 mode 2
Event: 15.346 Executing VM operation: ParallelGCFailedAllocation
Event: 15.356 Executing VM operation: ParallelGCFailedAllocation done
Event: 15.359 Executing VM operation: RevokeBias
Event: 15.359 Executing VM operation: RevokeBias done


Dynamic libraries:
0x00007ff6a4f50000 - 0x00007ff6a4f81000 	C:\Program Files\Android\Android Studio\jre\bin\java.exe
0x00007ffcd14f0000 - 0x00007ffcd16c2000 	C:\Windows\SYSTEM32\ntdll.dll
0x00007ffccfc50000 - 0x00007ffccfcfc000 	C:\Windows\System32\KERNEL32.DLL
0x00007ffccdfb0000 - 0x00007ffcce1cd000 	C:\Windows\System32\KERNELBASE.dll
0x00007ffccea80000 - 0x00007ffcceb22000 	C:\Windows\System32\ADVAPI32.dll
0x00007ffcd1450000 - 0x00007ffcd14ee000 	C:\Windows\System32\msvcrt.dll
0x00007ffcd13f0000 - 0x00007ffcd1449000 	C:\Windows\System32\sechost.dll
0x00007ffcceeb0000 - 0x00007ffccefd1000 	C:\Windows\System32\RPCRT4.dll
0x00007ffccf0f0000 - 0x00007ffccf255000 	C:\Windows\System32\USER32.dll
0x00007ffccda90000 - 0x00007ffccdaae000 	C:\Windows\System32\win32u.dll
0x00007ffccee70000 - 0x00007ffcceea4000 	C:\Windows\System32\GDI32.dll
0x00007ffccdab0000 - 0x00007ffccdc30000 	C:\Windows\System32\gdi32full.dll
0x00007ffcc23b0000 - 0x00007ffcc262a000 	C:\Windows\WinSxS\amd64_microsoft.windows.common-controls_6595b64144ccf1df_6.0.14393.953_none_42151e83c686086b\COMCTL32.dll
0x00007ffccf320000 - 0x00007ffccf5e8000 	C:\Windows\System32\combase.dll
0x00007ffccde00000 - 0x00007ffccdef5000 	C:\Windows\System32\ucrtbase.dll
0x00007ffccdd30000 - 0x00007ffccdd9a000 	C:\Windows\System32\bcryptPrimitives.dll
0x00007ffccfbc0000 - 0x00007ffccfbee000 	C:\Windows\System32\IMM32.DLL
0x000000005cff0000 - 0x000000005d0c2000 	C:\Program Files\Android\Android Studio\jre\jre\bin\msvcr100.dll
0x000000005d440000 - 0x000000005dc7e000 	C:\Program Files\Android\Android Studio\jre\jre\bin\server\jvm.dll
0x00007ffcd13e0000 - 0x00007ffcd13e8000 	C:\Windows\System32\PSAPI.DLL
0x00007ffcbd580000 - 0x00007ffcbd589000 	C:\Windows\SYSTEM32\WSOCK32.dll
0x00007ffccf600000 - 0x00007ffccf66a000 	C:\Windows\System32\WS2_32.dll
0x00007ffccbdb0000 - 0x00007ffccbdd3000 	C:\Windows\SYSTEM32\WINMM.dll
0x00007ffcc8d50000 - 0x00007ffcc8d5a000 	C:\Windows\SYSTEM32\VERSION.dll
0x00007ffccbd50000 - 0x00007ffccbd7b000 	C:\Windows\SYSTEM32\WINMMBASE.dll
0x00007ffccdc30000 - 0x00007ffccdc72000 	C:\Windows\System32\cfgmgr32.dll
0x00007ffcc0770000 - 0x00007ffcc077f000 	C:\Program Files\Android\Android Studio\jre\jre\bin\verify.dll
0x00007ffcab350000 - 0x00007ffcab379000 	C:\Program Files\Android\Android Studio\jre\jre\bin\java.dll
0x00007ffcab330000 - 0x00007ffcab346000 	C:\Program Files\Android\Android Studio\jre\jre\bin\zip.dll
0x00007ffccfd00000 - 0x00007ffcd1209000 	C:\Windows\System32\SHELL32.dll
0x00007ffcce1d0000 - 0x00007ffcce8a9000 	C:\Windows\System32\windows.storage.dll
0x00007ffccd960000 - 0x00007ffccd9ac000 	C:\Windows\System32\powrprof.dll
0x00007ffcd1210000 - 0x00007ffcd1262000 	C:\Windows\System32\shlwapi.dll
0x00007ffccd9d0000 - 0x00007ffccd9df000 	C:\Windows\System32\kernel.appcore.dll
0x00007ffccdf00000 - 0x00007ffccdfa9000 	C:\Windows\System32\shcore.dll
0x00007ffccd9b0000 - 0x00007ffccd9c4000 	C:\Windows\System32\profapi.dll
0x00007ffccd430000 - 0x00007ffccd447000 	C:\Windows\SYSTEM32\CRYPTSP.dll
0x00007ffccce90000 - 0x00007ffcccec3000 	C:\Windows\system32\rsaenh.dll
0x00007ffccd7e0000 - 0x00007ffccd80b000 	C:\Windows\SYSTEM32\bcrypt.dll
0x00007ffccd110000 - 0x00007ffccd12f000 	C:\Windows\SYSTEM32\USERENV.dll
0x00007ffccd450000 - 0x00007ffccd45b000 	C:\Windows\SYSTEM32\CRYPTBASE.dll
0x00007ffcaab30000 - 0x00007ffcaab4a000 	C:\Program Files\Android\Android Studio\jre\jre\bin\net.dll
0x00007ffccd290000 - 0x00007ffccd2ec000 	C:\Windows\system32\mswsock.dll
0x00007ffccd010000 - 0x00007ffccd048000 	C:\Windows\SYSTEM32\IPHLPAPI.DLL
0x00007ffccf5f0000 - 0x00007ffccf5f8000 	C:\Windows\System32\NSI.dll
0x00007ffcc78a0000 - 0x00007ffcc78b6000 	C:\Windows\SYSTEM32\dhcpcsvc6.DLL
0x00007ffcc7880000 - 0x00007ffcc789a000 	C:\Windows\SYSTEM32\dhcpcsvc.DLL
0x00007ffcaa770000 - 0x00007ffcaa781000 	C:\Program Files\Android\Android Studio\jre\jre\bin\nio.dll

VM Arguments:
jvm_args: -Djava.awt.headless=true -Xmx64M -Dfile.encoding=windows-1252 -Duser.country=US -Duser.language=en -Duser.variant 
java_command: com.google.devtools.build.android.desugar.Desugar --input D:\Android\Android Developer Nanodegree\Project 4\app\build\intermediates\transforms\stackFramesFixer\debug\40.jar --output D:\Android\Android Developer Nanodegree\Project 4\app\build\intermediates\transforms\desugar\debug\41.jar --input D:\Android\Android Developer Nanodegree\Project 4\app\build\intermediates\transforms\stackFramesFixer\debug\4.jar --output D:\Android\Android Developer Nanodegree\Project 4\app\build\intermediates\transforms\desugar\debug\5.jar --input D:\Android\Android Developer Nanodegree\Project 4\app\build\intermediates\transforms\stackFramesFixer\debug\39.jar --output D:\Android\Android Developer Nanodegree\Project 4\app\build\intermediates\transforms\desugar\debug\40.jar --input D:\Android\Android Developer Nanodegree\Project 4\app\build\intermediates\transforms\stackFramesFixer\debug\21.jar --output D:\Android\Android Developer Nanodegree\Project 4\app\build\intermediates\transforms\desugar\debug\22.jar --input D:\Android\Android Developer Nanodegree\Project 4\app\build\intermediates\transforms\stackFramesFixer\debug\28.jar --output D:\Android\Android Developer Nanodegree\Project 4\app\build\intermediates\transforms\desugar\debug\29.jar --input D:\Android\Android Developer Nanodegree\Project 4\app\build\intermediates\transforms\stackFramesFixer\debug\23.jar --output D:\Android\Android Developer Nanodegree\Project 4\app\build\intermediates\transforms\desugar\debug\24.jar --input D:\Android\Android Developer Nanodegree\Project 4\app\build\intermediates\transforms\stackFramesFixer\debug\37.jar --output D:\Android\Android Developer Nanodegree\Project 4\app\build\intermediates\transforms\desugar\debug\38.jar --input D:\Android\Android Developer Nanodegree\Project 4\app\build\intermediates\transforms\stackFramesFixer\debug\2.jar --output D:\Android\Android Developer Nanodegree\Project 4\app\build\intermediates\transforms\desugar\debug\3.jar --input D:\Android\Android Develop
java_class_path (initial): C:\Users\DevAh\AppData\Local\Temp\desugar_deploy.jar8098566941404353964
Launcher Type: SUN_STANDARD

Environment Variables:
JAVA_HOME=?C:\Program Files\Java\jdk1.8.0_112
PATH=C:\Program Files\Microsoft MPI\Bin\;C:\ProgramData\Oracle\Java\javapath;C:\Windows\system32;C:\Windows;C:\Windows\System32\Wbem;C:\Windows\System32\WindowsPowerShell\v1.0\;C:\Program Files (x86)\Microsoft SQL Server\130\Tools\Binn\;C:\Program Files\Microsoft SQL Server\130\Tools\Binn\;C:\Program Files (x86)\Microsoft SQL Server\130\DTS\Binn\;C:\Program Files\Microsoft SQL Server\130\DTS\Binn\;C:\Program Files\Microsoft SQL Server\Client SDK\ODBC\130\Tools\Binn\;C:\Program Files\MySQL\MySQL Utilities 1.6\;C:\Program Files (x86)\Git\cmd;?C:\Program Files\Java\jdk1.8.0_112\bin
USERNAME=DevAh
OS=Windows_NT
PROCESSOR_IDENTIFIER=Intel64 Family 6 Model 26 Stepping 5, GenuineIntel



---------------  S Y S T E M  ---------------

OS: Windows 10.0 , 64 bit Build 14393 (10.0.14393.2155)

CPU:total 2 (initial active 2) (2 cores per cpu, 1 threads per core) family 6 model 26 stepping 5, cmov, cx8, fxsr, mmx, sse, sse2, sse3, ssse3, sse4.1, sse4.2, popcnt, tsc, tscinvbit, tscinv

Memory: 4k page, physical 8386100k(1225824k free), swap 19394488k(1300k free)

vm_info: OpenJDK 64-Bit Server VM (25.152-b01) for windows-amd64 JRE (1.8.0_152-release-915-b01), built by "builder" with MS VC++ 10.0 (VS2010)

time: Sun Apr 01 22:00:11 2018
elapsed time: 16 seconds (0d 0h 0m 16s)

